# JRE version: OpenJDK Runtime Environment (8.0_152-b01) (build 1.8.0_152-release-915-b01)
# Java VM: OpenJDK 64-Bit Server VM (25.152-b01 mixed mode windows-amd64 compressed oops)
Heap:
 PSYoungGen      total 316928K, used 46403K [0x00000000e0000000, 0x00000000fad00000, 0x0000000100000000)
  eden space 291328K, 15% used [0x00000000e0000000,0x00000000e2d50fe8,0x00000000f1c80000)
  from space 25600K, 0% used [0x00000000f1c80000,0x00000000f1c80000,0x00000000f3580000)
  to   space 51712K, 0% used [0x00000000f7a80000,0x00000000f7a80000,0x00000000fad00000)
 ParOldGen       total 221696K, used 71862K [0x00000000a0000000, 0x00000000ad880000, 0x00000000e0000000)
  object space 221696K, 32% used [0x00000000a0000000,0x00000000a462d930,0x00000000ad880000)
 Metaspace       used 81474K, capacity 85616K, committed 85848K, reserved 1124352K
  class space    used 10305K, capacity 11264K, committed 11392K, reserved 1048576K
GC Heap History (10 events):
Event: 1190.951 GC heap before
{Heap before GC invocations=23 (full 3):
 PSYoungGen      total 273920K, used 250748K [0x00000000e0000000, 0x00000000f5680000, 0x0000000100000000)
  eden space 247808K, 100% used [0x00000000e0000000,0x00000000ef200000,0x00000000ef200000)
  from space 26112K, 11% used [0x00000000ef200000,0x00000000ef4df0f0,0x00000000f0b80000)
  to   space 26624K, 0% used [0x00000000f3c80000,0x00000000f3c80000,0x00000000f5680000)
 ParOldGen       total 145920K, used 68567K [0x00000000a0000000, 0x00000000a8e80000, 0x00000000e0000000)
  object space 145920K, 46% used [0x00000000a0000000,0x00000000a42f5d20,0x00000000a8e80000)
 Metaspace       used 79926K, capacity 83820K, committed 84056K, reserved 1122304K
  class space    used 10164K, capacity 11085K, committed 11136K, reserved 1048576K
Event: 1190.971 GC heap after
Heap after GC invocations=23 (full 3):
 PSYoungGen      total 309760K, used 10225K [0x00000000e0000000, 0x00000000f4e80000, 0x0000000100000000)
  eden space 291328K, 0% used [0x00000000e0000000,0x00000000e0000000,0x00000000f1c80000)
  from space 18432K, 55% used [0x00000000f3c80000,0x00000000f467c448,0x00000000f4e80000)
  to   space 25600K, 0% used [0x00000000f1c80000,0x00000000f1c80000,0x00000000f3580000)
 ParOldGen       total 145920K, used 69215K [0x00000000a0000000, 0x00000000a8e80000, 0x00000000e0000000)
  object space 145920K, 47% used [0x00000000a0000000,0x00000000a4397d60,0x00000000a8e80000)
 Metaspace       used 79926K, capacity 83820K, committed 84056K, reserved 1122304K
  class space    used 10164K, capacity 11085K, committed 11136K, reserved 1048576K
}
Event: 1193.927 GC heap before
{Heap before GC invocations=24 (full 3):
 PSYoungGen      total 309760K, used 301553K [0x00000000e0000000, 0x00000000f4e80000, 0x0000000100000000)
  eden space 291328K, 100% used [0x00000000e0000000,0x00000000f1c80000,0x00000000f1c80000)
  from space 18432K, 55% used [0x00000000f3c80000,0x00000000f467c448,0x00000000f4e80000)
  to   space 25600K, 0% used [0x00000000f1c80000,0x00000000f1c80000,0x00000000f3580000)
 ParOldGen       total 145920K, used 69215K [0x00000000a0000000, 0x00000000a8e80000, 0x00000000e0000000)
  object space 145920K, 47% used [0x00000000a0000000,0x00000000a4397d60,0x00000000a8e80000)
 Metaspace       used 80182K, capacity 84126K, committed 84312K, reserved 1122304K
  class space    used 10184K, capacity 11120K, committed 11136K, reserved 1048576K
Event: 1193.940 GC heap after
Heap after GC invocations=24 (full 3):
 PSYoungGen      total 316928K, used 22771K [0x00000000e0000000, 0x00000000f8080000, 0x0000000100000000)
  eden space 291328K, 0% used [0x00000000e0000000,0x00000000e0000000,0x00000000f1c80000)
  from space 25600K, 88% used [0x00000000f1c80000,0x00000000f32bccb0,0x00000000f3580000)
  to   space 28160K, 0% used [0x00000000f6500000,0x00000000f6500000,0x00000000f8080000)
 ParOldGen       total 145920K, used 69487K [0x00000000a0000000, 0x00000000a8e80000, 0x00000000e0000000)
  object space 145920K, 47% used [0x00000000a0000000,0x00000000a43dbd78,0x00000000a8e80000)
 Metaspace       used 80182K, capacity 84126K, committed 84312K, reserved 1122304K
  class space    used 10184K, capacity 11120K, committed 11136K, reserved 1048576K
}
Event: 1195.768 GC heap before
{Heap before GC invocations=25 (full 3):
 PSYoungGen      total 316928K, used 314099K [0x00000000e0000000, 0x00000000f8080000, 0x0000000100000000)
  eden space 291328K, 100% used [0x00000000e0000000,0x00000000f1c80000,0x00000000f1c80000)
  from space 25600K, 88% used [0x00000000f1c80000,0x00000000f32bccb0,0x00000000f3580000)
  to   space 28160K, 0% used [0x00000000f6500000,0x00000000f6500000,0x00000000f8080000)
 ParOldGen       total 145920K, used 69487K [0x00000000a0000000, 0x00000000a8e80000, 0x00000000e0000000)
  object space 145920K, 47% used [0x00000000a0000000,0x00000000a43dbd78,0x00000000a8e80000)
 Metaspace       used 80929K, capacity 84844K, committed 85208K, reserved 1124352K
  class space    used 10263K, capacity 11187K, committed 11264K, reserved 1048576K
Event: 1195.807 GC heap after
Heap after GC invocations=25 (full 3):
 PSYoungGen      total 319488K, used 28153K [0x00000000e0000000, 0x00000000f8080000, 0x0000000100000000)
  eden space 291328K, 0% used [0x00000000e0000000,0x00000000e0000000,0x00000000f1c80000)
  from space 28160K, 99% used [0x00000000f6500000,0x00000000f807e4e8,0x00000000f8080000)
  to   space 25600K, 0% used [0x00000000f1c80000,0x00000000f1c80000,0x00000000f3580000)
 ParOldGen       total 145920K, used 107538K [0x00000000a0000000, 0x00000000a8e80000, 0x00000000e0000000)
  object space 145920K, 73% used [0x00000000a0000000,0x00000000a6904af0,0x00000000a8e80000)
 Metaspace       used 80929K, capacity 84844K, committed 85208K, reserved 1124352K
  class space    used 10263K, capacity 11187K, committed 11264K, reserved 1048576K
}
Event: 1261.422 GC heap before
{Heap before GC invocations=26 (full 3):
 PSYoungGen      total 319488K, used 319481K [0x00000000e0000000, 0x00000000f8080000, 0x0000000100000000)
  eden space 291328K, 100% used [0x00000000e0000000,0x00000000f1c80000,0x00000000f1c80000)
  from space 28160K, 99% used [0x00000000f6500000,0x00000000f807e4e8,0x00000000f8080000)
  to   space 25600K, 0% used [0x00000000f1c80000,0x00000000f1c80000,0x00000000f3580000)
 ParOldGen       total 145920K, used 107538K [0x00000000a0000000, 0x00000000a8e80000, 0x00000000e0000000)
  object space 145920K, 73% used [0x00000000a0000000,0x00000000a6904af0,0x00000000a8e80000)
 Metaspace       used 81505K, capacity 85620K, committed 85848K, reserved 1124352K
  class space    used 10318K, capacity 11283K, committed 11392K, reserved 1048576K
Event: 1261.436 GC heap after
Heap after GC invocations=26 (full 3):
 PSYoungGen      total 316928K, used 25580K [0x00000000e0000000, 0x00000000fad00000, 0x0000000100000000)
  eden space 291328K, 0% used [0x00000000e0000000,0x00000000e0000000,0x00000000f1c80000)
  from space 25600K, 99% used [0x00000000f1c80000,0x00000000f357b130,0x00000000f3580000)
  to   space 51712K, 0% used [0x00000000f7a80000,0x00000000f7a80000,0x00000000fad00000)
 ParOldGen       total 145920K, used 121802K [0x00000000a0000000, 0x00000000a8e80000, 0x00000000e0000000)
  object space 145920K, 83% used [0x00000000a0000000,0x00000000a76f2b80,0x00000000a8e80000)
 Metaspace       used 81505K, capacity 85620K, committed 85848K, reserved 1124352K
  class space    used 10318K, capacity 11283K, committed 11392K, reserved 1048576K
}
Event: 1261.436 GC heap before
{Heap before GC invocations=27 (full 4):
 PSYoungGen      total 316928K, used 25580K [0x00000000e0000000, 0x00000000fad00000, 0x0000000100000000)
  eden space 291328K, 0% used [0x00000000e0000000,0x00000000e0000000,0x00000000f1c80000)
  from space 25600K, 99% used [0x00000000f1c80000,0x00000000f357b130,0x00000000f3580000)
  to   space 51712K, 0% used [0x00000000f7a80000,0x00000000f7a80000,0x00000000fad00000)
 ParOldGen       total 145920K, used 121802K [0x00000000a0000000, 0x00000000a8e80000, 0x00000000e0000000)
  object space 145920K, 83% used [0x00000000a0000000,0x00000000a76f2b80,0x00000000a8e80000)
 Metaspace       used 81505K, capacity 85620K, committed 85848K, reserved 1124352K
  class space    used 10318K, capacity 11283K, committed 11392K, reserved 1048576K
Event: 1261.590 GC heap after
Heap after GC invocations=27 (full 4):
 PSYoungGen      total 316928K, used 0K [0x00000000e0000000, 0x00000000fad00000, 0x0000000100000000)
  eden space 291328K, 0% used [0x00000000e0000000,0x00000000e0000000,0x00000000f1c80000)
  from space 25600K, 0% used [0x00000000f1c80000,0x00000000f1c80000,0x00000000f3580000)
  to   space 51712K, 0% used [0x00000000f7a80000,0x00000000f7a80000,0x00000000fad00000)
 ParOldGen       total 221696K, used 71862K [0x00000000a0000000, 0x00000000ad880000, 0x00000000e0000000)
  object space 221696K, 32% used [0x00000000a0000000,0x00000000a462d930,0x00000000ad880000)
 Metaspace       used 81257K, capacity 85304K, committed 85848K, reserved 1124352K
  class space    used 10295K, capacity 11244K, committed 11392K, reserved 1048576K
}

